0 [133258019325888] INFO perfrun.launcher <> - Launcher main begin
1 [133258019325888] INFO perfrun.launcher <> - MessageCatalogInit finished
1 [133258019325888] INFO perfrun.launcher <> - Launcher instance created
1 [133258019325888] INFO perfrun.launcher <> - argc = 7; cmdline = /opt/intel/oneapi/advisor/2025.4/bin64/advixe-runss --ui-output-format xml --ui-output-fd 218 --option-file /home/daniel/Escritorio/Maestria segundo semestre/Multicore/Ensayo multicore/Scalar/Advisro-Scalar/e000/hs003/config/runss.options 
24 [133258019325888] INFO perfrun.launcher <> - create msngr2::ICliToolContext
24 [133258019325888] INFO perfrun.launcher <> - create file finder object
25 [133258019325888] INFO perfrun.launcher <> - create a result directory: pattern = /home/daniel/Escritorio/Maestria segundo semestre/Multicore/Ensayo multicore/Scalar/Advisro-Scalar/e000/hs003 pid = 4294967295
27 [133258019325888] INFO perfrun.sdk <> - checked that the directory /home/daniel/Escritorio/Maestria segundo semestre/Multicore/Ensayo multicore/Scalar/Advisro-Scalar/e000/hs003 is a local directory
27 [133258019325888] INFO perfrun.sdk <> - the directory /home/daniel/Escritorio/Maestria segundo semestre/Multicore/Ensayo multicore/Scalar/Advisro-Scalar/e000/hs003 is a local directory with FS type ID 61267
27 [133258019325888] INFO perfrun.launcher <> - create data directory = /home/daniel/Escritorio/Maestria segundo semestre/Multicore/Ensayo multicore/Scalar/Advisro-Scalar/e000/hs003/data.0
27 [133258019325888] INFO perfrun.launcher <> - Creating the master collection flag
28 [133258019325888] INFO perfrun.launcher <> - Done creating the master collection flag
29 [133257857328832] INFO perfrun.launcher <> - plugin [remoteplug] was disabled because it doesn't support the given collection type.
29 [133257857328832] INFO perfrun.sdk <> - Allocating TMU :/home/daniel/Escritorio/Maestria segundo semestre/Multicore/Ensayo multicore/Scalar/Advisro-Scalar/e000/hs003/data.0/systemcollector-40532-daniel-Gordo-friki.sc
30 [133257857328832] INFO perfrun.launcher <> - plugin [] was disabled because it doesn't support the given collection type.
30 [133257857328832] INFO perfrun.launcher <> - plugin [gpu] was disabled because it doesn't support the given collection type.
30 [133257857328832] INFO perfrun.launcher <> - plugin [] was disabled because it doesn't support the given collection type.
30 [133257857328832] INFO perfrun.launcher <> - plugin [] was disabled because it doesn't support the given collection type.
30 [133257857328832] INFO perfrun.launcher <> - plugin [] was disabled because it doesn't support the given collection type.
30 [133257857328832] INFO perfrun.mrte <> - system-wide mode is 0
30 [133257857328832] INFO perfrun.mrte <> - Getting  mrte profiling environment ...
33 [133257857328832] INFO perfrun.mrte <> - INTEL_MRTE_DATA_DIR=/home/daniel/Escritorio/Maestria segundo semestre/Multicore/Ensayo multicore/Scalar/Advisro-Scalar/e000/hs003/data.0
33 [133257857328832] INFO perfrun.mrte <> - INTEL_MRTE_HOST_NAME=daniel-Gordo-friki
33 [133257857328832] INFO perfrun.mrte <> - JAVA_TOOL_OPTIONS=-agentlib:advixe_samplingmrte_javaprof_1.0 -Dsun.boot.library.path=/opt/intel/oneapi/advisor/2025.4/lib32/runtime:/opt/intel/oneapi/advisor/2025.4/lib64/runtime
33 [133257857328832] INFO perfrun.mrte <> - LD_LIBRARY_PATH=/opt/intel/oneapi/advisor/2025.4/lib32/runtime:/opt/intel/oneapi/advisor/2025.4/lib64/runtime:/opt/intel/oneapi/tcm/1.4/lib:/opt/intel/oneapi/umf/1.0/lib:/opt/intel/oneapi/tbb/2022.3/env/../lib/intel64/gcc4.8:/opt/intel/oneapi/mpi/2021.17/opt/mpi/libfabric/lib:/opt/intel/oneapi/mpi/2021.17/lib:/opt/intel/oneapi/mkl/2025.3/lib:/opt/intel/oneapi/ishmem/1.5/lib:/opt/intel/oneapi/ippcp/2025.3/lib/:/opt/intel/oneapi/ipp/2022.3/lib:/opt/intel/oneapi/dnnl/2025.3/lib:/opt/intel/oneapi/debugger/2025.3/opt/debugger/lib:/opt/intel/oneapi/dal/2025.10/lib:/opt/intel/oneapi/compiler/2025.3/opt/compiler/lib:/opt/intel/oneapi/compiler/2025.3/lib:/opt/intel/oneapi/ccl/2021.17/lib/
33 [133257857328832] INFO perfrun.mrte <> - Data directory: /home/daniel/Escritorio/Maestria segundo semestre/Multicore/Ensayo multicore/Scalar/Advisro-Scalar/e000/hs003/data.0
33 [133257857328832] INFO perfrun.mrte <> - Mrte plugin is initialized
33 [133257857328832] INFO perfrun.launcher <> - plugin [] was disabled because it doesn't support the given collection type.
33 [133257857328832] INFO perfrun.launcher <> - plugin [] was disabled because it doesn't support the given collection type.
33 [133257857328832] INFO perfrun.launcher <> - plugin [] was disabled because it doesn't support the given collection type.
33 [133257857328832] INFO perfrun.launcher <> - plugin [] was disabled because it doesn't support the given collection type.
33 [133257857328832] INFO perfrun.launcher <> - plugin [] was disabled because it doesn't support the given collection type.
33 [133257857328832] INFO perfrun.launcher <> - plugin [] was disabled because it doesn't support the given collection type.
33 [133257857328832] INFO perfrun.launcher <> - plugin [] was disabled because it doesn't support the given collection type.
33 [133257857328832] INFO perfrun.tpss <> - initialize tpss controller
33 [133257857328832] INFO perfrun.tpss <> - configure collection mode: value = cpu:stack
33 [133257857328832] INFO perfrun.tpss <> - default obj-size-min=1024
33 [133257857328832] INFO perfrun.tpss <> - default hash-table-size=0
33 [133257857328832] INFO perfrun.launcher <> - plugin [] was disabled because it doesn't support the given collection type.
33 [133257857328832] INFO perfrun.launcher <> - plugin [] was disabled because it doesn't support the given collection type.
33 [133257857328832] INFO perfrun.launcher <> - plugin [] was disabled because it doesn't support the given collection type.
33 [133257857328832] INFO perfrun.launcher <> - plugin [] was disabled because it doesn't support the given collection type.
33 [133257857328832] INFO perfrun.launcher <> - plugin [] was disabled because it doesn't support the given collection type.
33 [133257857328832] INFO perfrun.launcher <> - plugin [] was disabled because it doesn't support the given collection type.
33 [133257857328832] INFO perfrun.launcher <> - plugin [] was disabled because it doesn't support the given collection type.
33 [133257857328832] INFO perfrun.launcher <> - plugin [] was disabled because it doesn't support the given collection type.
33 [133257857328832] INFO perfrun.launcher <> - plugin [] was disabled because it doesn't support the given collection type.
33 [133257857328832] INFO perfrun.launcher <> - plugin [] was disabled because it doesn't support the given collection type.
33 [133258019325888] INFO perfrun.launcher <> - set environment variable: LD_LIBRARY_PATH = /opt/intel/oneapi/advisor/2025.4/lib32/runtime:/opt/intel/oneapi/advisor/2025.4/lib64/runtime:/opt/intel/oneapi/tcm/1.4/lib:/opt/intel/oneapi/umf/1.0/lib:/opt/intel/oneapi/tbb/2022.3/env/../lib/intel64/gcc4.8:/opt/intel/oneapi/mpi/2021.17/opt/mpi/libfabric/lib:/opt/intel/oneapi/mpi/2021.17/lib:/opt/intel/oneapi/mkl/2025.3/lib:/opt/intel/oneapi/ishmem/1.5/lib:/opt/intel/oneapi/ippcp/2025.3/lib/:/opt/intel/oneapi/ipp/2022.3/lib:/opt/intel/oneapi/dnnl/2025.3/lib:/opt/intel/oneapi/debugger/2025.3/opt/debugger/lib:/opt/intel/oneapi/dal/2025.10/lib:/opt/intel/oneapi/compiler/2025.3/opt/compiler/lib:/opt/intel/oneapi/compiler/2025.3/lib:/opt/intel/oneapi/ccl/2021.17/lib/
33 [133258019325888] INFO perfrun.launcher <> - set environment variable: INTEL_LIBITTNOTIFY32 = /opt/intel/oneapi/advisor/2025.4/lib32/runtime/libittnotify_collector.so
33 [133258019325888] INFO perfrun.launcher <> - set environment variable: INTEL_LIBITTNOTIFY64 = /opt/intel/oneapi/advisor/2025.4/lib64/runtime/libittnotify_collector.so
33 [133258019325888] INFO perfrun.launcher <> - set environment variable: INTEL_ITTNOTIFY_GROUPS = 
33 [133258019325888] INFO perfrun.launcher <> - set environment variable: INTEL_JIT_PROFILER32 = /opt/intel/oneapi/advisor/2025.4/lib32/runtime/libittnotify_collector.so
33 [133258019325888] INFO perfrun.launcher <> - set environment variable: INTEL_JIT_PROFILER64 = /opt/intel/oneapi/advisor/2025.4/lib64/runtime/libittnotify_collector.so
33 [133258019325888] INFO perfrun.launcher <> - set environment variable: CCL_ITT_LEVEL = 1
33 [133258019325888] INFO perfrun.launcher <> - set environment variable: ENABLE_JITPROFILING = 1
33 [133258019325888] INFO perfrun.launcher <> - set environment variable: CL_CONFIG_USE_VTUNE = True
33 [133258019325888] INFO perfrun.launcher <> - set environment variable: KMP_FORKJOIN_FRAMES = 0
33 [133258019325888] INFO perfrun.launcher <> - set environment variable: KMP_FORKJOIN_FRAMES_MODE = 0
33 [133258019325888] INFO perfrun.launcher <> - set environment variable: INTEL_MRTE_DATA_DIR = /home/daniel/Escritorio/Maestria segundo semestre/Multicore/Ensayo multicore/Scalar/Advisro-Scalar/e000/hs003/data.0
33 [133258019325888] INFO perfrun.launcher <> - set environment variable: INTEL_MRTE_HOST_NAME = daniel-Gordo-friki
33 [133258019325888] INFO perfrun.launcher <> - set environment variable: JAVA_TOOL_OPTIONS = -agentlib:advixe_samplingmrte_javaprof_1.0 -Dsun.boot.library.path=/opt/intel/oneapi/advisor/2025.4/lib32/runtime:/opt/intel/oneapi/advisor/2025.4/lib64/runtime
33 [133258019325888] INFO perfrun.launcher <> - set environment variable: LD_LIBRARY_PATH = /opt/intel/oneapi/advisor/2025.4/lib32/runtime:/opt/intel/oneapi/advisor/2025.4/lib64/runtime:/opt/intel/oneapi/tcm/1.4/lib:/opt/intel/oneapi/umf/1.0/lib:/opt/intel/oneapi/tbb/2022.3/env/../lib/intel64/gcc4.8:/opt/intel/oneapi/mpi/2021.17/opt/mpi/libfabric/lib:/opt/intel/oneapi/mpi/2021.17/lib:/opt/intel/oneapi/mkl/2025.3/lib:/opt/intel/oneapi/ishmem/1.5/lib:/opt/intel/oneapi/ippcp/2025.3/lib/:/opt/intel/oneapi/ipp/2022.3/lib:/opt/intel/oneapi/dnnl/2025.3/lib:/opt/intel/oneapi/debugger/2025.3/opt/debugger/lib:/opt/intel/oneapi/dal/2025.10/lib:/opt/intel/oneapi/compiler/2025.3/opt/compiler/lib:/opt/intel/oneapi/compiler/2025.3/lib:/opt/intel/oneapi/ccl/2021.17/lib/
33 [133258019325888] INFO perfrun.launcher <> - RpcServer: run RPC server to handle requests
34 [133258019325888] INFO perfrun.launcher <> - Launcher: command line to start before modification = /home/daniel/Escritorio/Maestria segundo semestre/Multicore/Ensayo multicore/Scalar/scalar
34 [133258019325888] INFO perfrun.launcher <> - Launcher: command line to start after modification = /opt/intel/oneapi/advisor/2025.4/bin64/pin -error_file /home/daniel/Escritorio/Maestria segundo semestre/Multicore/Ensayo multicore/Scalar/Advisro-Scalar/e000/hs003/data.0/pinerr.tpsslog -detach_reattach -follow_execv -tool_load_option deepbind -t64 /opt/intel/oneapi/advisor/2025.4/lib64/libtpsstool.so -t /opt/intel/oneapi/advisor/2025.4/lib32/libtpsstool.so -server_name tpss_ipc.40532 -prd_dir /opt/intel/oneapi/advisor/2025.4 -- /home/daniel/Escritorio/Maestria segundo semestre/Multicore/Ensayo multicore/Scalar/scalar
34 [133258019325888] INFO perfrun.launcher <> - ProcessCreator object was created
34 [133258019325888] INFO perfrun.launcher <> - Launcher: the process was started in suspend mode
36 [133257857328832] WARN perfrun.system <> - Could not do anything with /sys/kernel/debug/kvm: boost::filesystem::status: Permission denied [system:13]: "/sys/kernel/debug/kvm", at file: vcs/perfrun1/plugins/system/src/trace_writer.cpp:791
36 [133257857328832] WARN perfrun.system <> - Folder "/var/run/libvirt/qemu/"doesn't exist, at file: vcs/perfrun1/plugins/system/src/trace_writer.cpp:804
37 [133257857328832] WARN perfrun.sdk <> - Failed to find xl binary on any of the system paths: /bin, /sbin, /usr/bin, /usr/sbin., at file: vcs/perfrun1/sdk/src/utils.cpp:205
42 [133257857328832] INFO perfrun.vdso <> - Helper runtool '/opt/intel/oneapi/advisor/2025.4/bin32/advixe-runss -dump-vdso -r /home/daniel/Escritorio/Maestria segundo semestre/Multicore/Ensayo multicore/Scalar/Advisro-Scalar/e000/hs003 --tmp-dir /tmp/advixe-tmp-daniel' returned 1
83 [133257857328832] INFO perfrun.vdso <> - Helper runtool '/opt/intel/oneapi/advisor/2025.4/bin64/advixe-runss -dump-vdso -r /home/daniel/Escritorio/Maestria segundo semestre/Multicore/Ensayo multicore/Scalar/Advisro-Scalar/e000/hs003 --tmp-dir /tmp/advixe-tmp-daniel' returned 0
83 [133257857328832] INFO perfrun.itt <> - start itt controller for pid #40546
83 [133257857328832] INFO perfrun.tpss <> - start tpss controller for pid #40546
133 [133258019325888] INFO perfrun.launcher <> - Launcher: all plugins were started
133 [133258019325888] INFO perfrun.launcher <> - DirectoryMonitor object was created
133 [133258019325888] INFO perfrun.launcher <> - DirectoryMonitor: a callback was added
133 [133258019325888] INFO perfrun.launcher <> - DirectoryMonitor was started with pingTime = 1000
133 [133258019325888] INFO perfrun.launcher <> - DeadlineTimer is going to be constructed
133 [133258019325888] INFO perfrun.launcher <> - DeadlineTimer: a callback was added
135 [133258019325888] INFO perfrun.launcher <> - Launcher: resume the profiled application and  wait its termination or stop command
704 [133258019325888] INFO perfrun.launcher <> - Launcher: the profiled application was terminated  with exit code = 0
706 [133257857328832] INFO perfrun.itt <> - detach itt controller
707 [133257857328832] INFO perfrun.itt <> - detach itt controller done
707 [133257857328832] INFO perfrun.tpss <> - stop tpss controller
707 [133257857328832] INFO perfrun.sdk <> - De-allocating TMU: /home/daniel/Escritorio/Maestria segundo semestre/Multicore/Ensayo multicore/Scalar/Advisro-Scalar/e000/hs003/data.0/systemcollector-40532-daniel-Gordo-friki.sc
707 [133257857328832] INFO perfrun.system <> - closed the system trace file: /home/daniel/Escritorio/Maestria segundo semestre/Multicore/Ensayo multicore/Scalar/Advisro-Scalar/e000/hs003/data.0/systemcollector-40532-daniel-Gordo-friki.sc
707 [133258019325888] INFO perfrun.launcher <> - Launcher: all plugins were stopped.
707 [133258019325888] INFO perfrun.launcher <> - DeadlineTimer is going to be destroyed
707 [133258019325888] INFO perfrun.launcher <> - DeadlineTimer was destroyed
707 [133258019325888] INFO perfrun.launcher <> - DirectoryMonitor object was destroyed
707 [133258019325888] WARN perfrun.launcher <> - Stop command is ignored because it is received when collection is already stopped, at file: vcs/perfrun1/launcher/src/command_handler.cpp:226
708 [133258019325888] INFO perfrun.launcher <> - Application exit code: 0
708 [133258019325888] INFO perfrun.launcher <> - Exit code: 0
