<?xml version="1.0" encoding="utf-8"?>
<log version="1.0" tool="runtool">

<msg id="1" tool="runtool">
  <type>log-start</type>
  <arg>2026/02/26 11:41:08</arg>
</msg>
<msg id="2" tool="runtool">
  <type>bandwidth-measurement-starts</type>
</msg>
<msg id="3" tool="runtool">
  <type>bandwidth-measurement-done</type>
</msg>
<msg id="4" tool="runtool">
  <type>collector-starts</type>
</msg>
<msg id="5" tool="runtool">
  <type>marker-file</type>
  <arg>/home/daniel/Escritorio/Maestria segundo semestre/Multicore/Ensayo multicore/Explicita/Advisor-Explicit/e000/trc001/trc001.advixe</arg>
</msg>
<msg id="6" tool="trc">
  <type>PROCESS_START</type>
  <arg>/home/daniel/Escritorio/Maestria segundo semestre/Multicore/Ensayo multicore/Explicita/explicit</arg>
  <arg>21685</arg>
  <severity>INFO</severity>
  <timestamp>Thu Feb 26 11:41:17 2026</timestamp>
</msg>
<msg id="7" tool="trc">
  <type>PROCESS_ANALYSIS_MODE</type>
  <arg>full</arg>
  <severity>INFO</severity>
  <timestamp>Thu Feb 26 11:41:17 2026</timestamp>
</msg>
<msg id="8" tool="trc">
  <type>LOAD_MODULE</type>
  <arg>/home/daniel/Escritorio/Maestria segundo semestre/Multicore/Ensayo multicore/Explicita/explicit</arg>
  <arg>0x400000</arg>
  <arg>0x41039f</arg>
  <arg>yes</arg>
  <severity>INFO</severity>
  <timestamp>Thu Feb 26 11:41:17 2026</timestamp>
</msg>
<msg id="9" tool="trc">
  <type>LOAD_MODULE</type>
  <arg>/lib64/ld-linux-x86-64.so.2</arg>
  <arg>0x79d1dc00e000</arg>
  <arg>0x79d1dc0472d7</arg>
  <arg>no</arg>
  <severity>INFO</severity>
  <timestamp>Thu Feb 26 11:41:17 2026</timestamp>
</msg>
<msg id="10" tool="trc">
  <type>LOAD_MODULE</type>
  <arg>[vdso]</arg>
  <arg>0x79d1dc00c000</arg>
  <arg>0x79d1dc00d8aa</arg>
  <arg>no</arg>
  <severity>INFO</severity>
  <timestamp>Thu Feb 26 11:41:17 2026</timestamp>
</msg>
<msg id="11" tool="trc">
  <type>LOAD_MODULE</type>
  <arg>/lib/x86_64-linux-gnu/libstdc++.so.6</arg>
  <arg>0x79d1c7000000</arg>
  <arg>0x79d1c727d13f</arg>
  <arg>no</arg>
  <severity>INFO</severity>
  <timestamp>Thu Feb 26 11:41:17 2026</timestamp>
</msg>
<msg id="12" tool="trc">
  <type>LOAD_MODULE</type>
  <arg>/lib/x86_64-linux-gnu/libm.so.6</arg>
  <arg>0x79d1c6e47000</arg>
  <arg>0x79d1c6f2f017</arg>
  <arg>no</arg>
  <severity>INFO</severity>
  <timestamp>Thu Feb 26 11:41:17 2026</timestamp>
</msg>
<msg id="13" tool="trc">
  <type>LOAD_MODULE</type>
  <arg>/lib/x86_64-linux-gnu/libgcc_s.so.1</arg>
  <arg>0x79d1c6df8000</arg>
  <arg>0x79d1c6e253a7</arg>
  <arg>no</arg>
  <severity>INFO</severity>
  <timestamp>Thu Feb 26 11:41:17 2026</timestamp>
</msg>
<msg id="14" tool="trc">
  <type>LOAD_MODULE</type>
  <arg>/lib/x86_64-linux-gnu/libc.so.6</arg>
  <arg>0x79d1c6a00000</arg>
  <arg>0x79d1c6c11d8f</arg>
  <arg>no</arg>
  <severity>INFO</severity>
  <timestamp>Thu Feb 26 11:41:17 2026</timestamp>
</msg>
<msg id="15" tool="trc">
  <type>UNLOAD_MODULE</type>
  <arg>/home/daniel/Escritorio/Maestria segundo semestre/Multicore/Ensayo multicore/Explicita/explicit</arg>
  <severity>INFO</severity>
  <timestamp>Thu Feb 26 11:41:19 2026</timestamp>
</msg>
<msg id="16" tool="trc">
  <type>UNLOAD_MODULE</type>
  <arg>/lib64/ld-linux-x86-64.so.2</arg>
  <severity>INFO</severity>
  <timestamp>Thu Feb 26 11:41:19 2026</timestamp>
</msg>
<msg id="17" tool="trc">
  <type>UNLOAD_MODULE</type>
  <arg>[vdso]</arg>
  <severity>INFO</severity>
  <timestamp>Thu Feb 26 11:41:19 2026</timestamp>
</msg>
<msg id="18" tool="trc">
  <type>UNLOAD_MODULE</type>
  <arg>/lib/x86_64-linux-gnu/libstdc++.so.6</arg>
  <severity>INFO</severity>
  <timestamp>Thu Feb 26 11:41:19 2026</timestamp>
</msg>
<msg id="19" tool="trc">
  <type>UNLOAD_MODULE</type>
  <arg>/lib/x86_64-linux-gnu/libm.so.6</arg>
  <severity>INFO</severity>
  <timestamp>Thu Feb 26 11:41:19 2026</timestamp>
</msg>
<msg id="20" tool="trc">
  <type>UNLOAD_MODULE</type>
  <arg>/lib/x86_64-linux-gnu/libgcc_s.so.1</arg>
  <severity>INFO</severity>
  <timestamp>Thu Feb 26 11:41:19 2026</timestamp>
</msg>
<msg id="21" tool="trc">
  <type>UNLOAD_MODULE</type>
  <arg>/lib/x86_64-linux-gnu/libc.so.6</arg>
  <severity>INFO</severity>
  <timestamp>Thu Feb 26 11:41:19 2026</timestamp>
</msg>
<msg id="22" tool="trc">
  <type>PROCESS_FINISH</type>
  <arg>/home/daniel/Escritorio/Maestria segundo semestre/Multicore/Ensayo multicore/Explicita/explicit</arg>
  <arg>21685</arg>
  <arg>0x0</arg>
  <severity>INFO</severity>
  <timestamp>Thu Feb 26 11:41:19 2026</timestamp>
</msg>
<msg id="23" tool="runtool">
  <type>app-exit-code</type>
  <arg>0</arg>
</msg>
<msg id="24" tool="runtool">
  <type>marker-file</type>
  <arg>/home/daniel/Escritorio/Maestria segundo semestre/Multicore/Ensayo multicore/Explicita/Advisor-Explicit/e000/trc001/trc001.advixe</arg>
</msg>
<msg id="25" tool="runtool">
  <type>collector-done</type>
</msg>
<msg id="26" tool="runtool">
  <type>log-end</type>
  <arg>2026/02/26 11:41:23</arg>
</msg>

</log>

