0 [140087501240256] INFO perfrun.launcher <> - Launcher main begin
1 [140087501240256] INFO perfrun.launcher <> - MessageCatalogInit finished
1 [140087501240256] INFO perfrun.launcher <> - Launcher instance created
1 [140087501240256] INFO perfrun.launcher <> - argc = 6; cmdline = /opt/intel/oneapi/advisor/2025.4/bin64/advixe-runss -dump-vdso -r /home/daniel/Escritorio/Maestria segundo semestre/Multicore/Ensayo multicore/Scalar/Advisor-Scalar/e000/hs000 --tmp-dir /tmp/advixe-tmp-daniel 
22 [140087501240256] INFO perfrun.launcher <> - create msngr2::ICliToolContext
22 [140087501240256] INFO perfrun.launcher <> - create file finder object
23 [140087341868736] INFO perfrun.launcher <> - plugin [remoteplug] was disabled because it doesn't support the given collection type.
23 [140087341868736] INFO perfrun.launcher <> - plugin [system] was disabled because it doesn't support the given collection type.
23 [140087341868736] INFO perfrun.vdso <> - dumping [vdso] pseudomodule
24 [140087341868736] INFO perfrun.launcher <> - plugin [itt] was disabled because it doesn't support the given collection type.
24 [140087341868736] INFO perfrun.launcher <> - plugin [] was disabled because it doesn't support the given collection type.
24 [140087341868736] INFO perfrun.launcher <> - plugin [gpu] was disabled because it doesn't support the given collection type.
24 [140087341868736] INFO perfrun.launcher <> - plugin [] was disabled because it doesn't support the given collection type.
24 [140087341868736] INFO perfrun.launcher <> - plugin [] was disabled because it doesn't support the given collection type.
24 [140087341868736] INFO perfrun.launcher <> - plugin [] was disabled because it doesn't support the given collection type.
24 [140087341868736] INFO perfrun.launcher <> - plugin [mrte] was disabled because it doesn't support the given collection type.
24 [140087341868736] INFO perfrun.launcher <> - plugin [] was disabled because it doesn't support the given collection type.
24 [140087341868736] INFO perfrun.launcher <> - plugin [] was disabled because it doesn't support the given collection type.
24 [140087341868736] INFO perfrun.launcher <> - plugin [] was disabled because it doesn't support the given collection type.
24 [140087341868736] INFO perfrun.launcher <> - plugin [] was disabled because it doesn't support the given collection type.
24 [140087341868736] INFO perfrun.launcher <> - plugin [] was disabled because it doesn't support the given collection type.
24 [140087341868736] INFO perfrun.launcher <> - plugin [] was disabled because it doesn't support the given collection type.
24 [140087341868736] INFO perfrun.launcher <> - plugin [] was disabled because it doesn't support the given collection type.
24 [140087341868736] INFO perfrun.launcher <> - plugin [tpss] was disabled because it doesn't support the given collection type.
24 [140087341868736] INFO perfrun.launcher <> - plugin [] was disabled because it doesn't support the given collection type.
24 [140087341868736] INFO perfrun.launcher <> - plugin [] was disabled because it doesn't support the given collection type.
24 [140087341868736] INFO perfrun.launcher <> - plugin [] was disabled because it doesn't support the given collection type.
24 [140087341868736] INFO perfrun.launcher <> - plugin [] was disabled because it doesn't support the given collection type.
24 [140087341868736] INFO perfrun.launcher <> - plugin [] was disabled because it doesn't support the given collection type.
24 [140087341868736] INFO perfrun.launcher <> - plugin [] was disabled because it doesn't support the given collection type.
24 [140087341868736] INFO perfrun.launcher <> - plugin [] was disabled because it doesn't support the given collection type.
24 [140087341868736] INFO perfrun.launcher <> - plugin [] was disabled because it doesn't support the given collection type.
24 [140087341868736] INFO perfrun.launcher <> - plugin [] was disabled because it doesn't support the given collection type.
24 [140087341868736] INFO perfrun.launcher <> - plugin [] was disabled because it doesn't support the given collection type.
24 [140087501240256] INFO perfrun.launcher <> - Application exit code: 0
24 [140087501240256] INFO perfrun.launcher <> - Exit code: 0
