0 [127686626666432] INFO perfrun.launcher <> - Launcher main begin
1 [127686626666432] INFO perfrun.launcher <> - MessageCatalogInit finished
1 [127686626666432] INFO perfrun.launcher <> - Launcher instance created
1 [127686626666432] INFO perfrun.launcher <> - argc = 7; cmdline = /opt/intel/oneapi/advisor/2025.4/bin64/advixe-runss --ui-output-format xml --ui-output-fd 206 --option-file /home/daniel/Escritorio/Maestria segundo semestre/Multicore/Ensayo multicore/Explicita/Advisor-Explicit/e000/hs002/config/runss.options 
22 [127686626666432] INFO perfrun.launcher <> - create msngr2::ICliToolContext
22 [127686626666432] INFO perfrun.launcher <> - create file finder object
23 [127686626666432] INFO perfrun.launcher <> - create a result directory: pattern = /home/daniel/Escritorio/Maestria segundo semestre/Multicore/Ensayo multicore/Explicita/Advisor-Explicit/e000/hs002 pid = 4294967295
25 [127686626666432] INFO perfrun.sdk <> - checked that the directory /home/daniel/Escritorio/Maestria segundo semestre/Multicore/Ensayo multicore/Explicita/Advisor-Explicit/e000/hs002 is a local directory
25 [127686626666432] INFO perfrun.sdk <> - the directory /home/daniel/Escritorio/Maestria segundo semestre/Multicore/Ensayo multicore/Explicita/Advisor-Explicit/e000/hs002 is a local directory with FS type ID 61267
25 [127686626666432] INFO perfrun.launcher <> - create data directory = /home/daniel/Escritorio/Maestria segundo semestre/Multicore/Ensayo multicore/Explicita/Advisor-Explicit/e000/hs002/data.0
25 [127686626666432] INFO perfrun.launcher <> - Creating the master collection flag
26 [127686626666432] INFO perfrun.launcher <> - Done creating the master collection flag
28 [127686464759488] INFO perfrun.launcher <> - plugin [remoteplug] was disabled because it doesn't support the given collection type.
28 [127686464759488] INFO perfrun.sdk <> - Allocating TMU :/home/daniel/Escritorio/Maestria segundo semestre/Multicore/Ensayo multicore/Explicita/Advisor-Explicit/e000/hs002/data.0/systemcollector-21429-daniel-Gordo-friki.sc
28 [127686464759488] INFO perfrun.launcher <> - plugin [] was disabled because it doesn't support the given collection type.
28 [127686464759488] INFO perfrun.launcher <> - plugin [gpu] was disabled because it doesn't support the given collection type.
28 [127686464759488] INFO perfrun.launcher <> - plugin [] was disabled because it doesn't support the given collection type.
28 [127686464759488] INFO perfrun.launcher <> - plugin [] was disabled because it doesn't support the given collection type.
28 [127686464759488] INFO perfrun.launcher <> - plugin [] was disabled because it doesn't support the given collection type.
28 [127686464759488] INFO perfrun.mrte <> - system-wide mode is 0
28 [127686464759488] INFO perfrun.mrte <> - Getting  mrte profiling environment ...
35 [127686464759488] INFO perfrun.mrte <> - INTEL_MRTE_DATA_DIR=/home/daniel/Escritorio/Maestria segundo semestre/Multicore/Ensayo multicore/Explicita/Advisor-Explicit/e000/hs002/data.0
35 [127686464759488] INFO perfrun.mrte <> - INTEL_MRTE_HOST_NAME=daniel-Gordo-friki
35 [127686464759488] INFO perfrun.mrte <> - JAVA_TOOL_OPTIONS=-agentlib:advixe_samplingmrte_javaprof_1.0 -Dsun.boot.library.path=/opt/intel/oneapi/advisor/2025.4/lib32/runtime:/opt/intel/oneapi/advisor/2025.4/lib64/runtime
35 [127686464759488] INFO perfrun.mrte <> - LD_LIBRARY_PATH=/opt/intel/oneapi/advisor/2025.4/lib32/runtime:/opt/intel/oneapi/advisor/2025.4/lib64/runtime:/opt/intel/oneapi/tcm/1.4/lib:/opt/intel/oneapi/umf/1.0/lib:/opt/intel/oneapi/tbb/2022.3/env/../lib/intel64/gcc4.8:/opt/intel/oneapi/mpi/2021.17/opt/mpi/libfabric/lib:/opt/intel/oneapi/mpi/2021.17/lib:/opt/intel/oneapi/mkl/2025.3/lib:/opt/intel/oneapi/ishmem/1.5/lib:/opt/intel/oneapi/ippcp/2025.3/lib/:/opt/intel/oneapi/ipp/2022.3/lib:/opt/intel/oneapi/dnnl/2025.3/lib:/opt/intel/oneapi/debugger/2025.3/opt/debugger/lib:/opt/intel/oneapi/dal/2025.10/lib:/opt/intel/oneapi/compiler/2025.3/opt/compiler/lib:/opt/intel/oneapi/compiler/2025.3/lib:/opt/intel/oneapi/ccl/2021.17/lib/
35 [127686464759488] INFO perfrun.mrte <> - Data directory: /home/daniel/Escritorio/Maestria segundo semestre/Multicore/Ensayo multicore/Explicita/Advisor-Explicit/e000/hs002/data.0
35 [127686464759488] INFO perfrun.mrte <> - Mrte plugin is initialized
35 [127686464759488] INFO perfrun.launcher <> - plugin [] was disabled because it doesn't support the given collection type.
36 [127686464759488] INFO perfrun.launcher <> - plugin [] was disabled because it doesn't support the given collection type.
36 [127686464759488] INFO perfrun.launcher <> - plugin [] was disabled because it doesn't support the given collection type.
36 [127686464759488] INFO perfrun.launcher <> - plugin [] was disabled because it doesn't support the given collection type.
36 [127686464759488] INFO perfrun.launcher <> - plugin [] was disabled because it doesn't support the given collection type.
36 [127686464759488] INFO perfrun.launcher <> - plugin [] was disabled because it doesn't support the given collection type.
36 [127686464759488] INFO perfrun.launcher <> - plugin [] was disabled because it doesn't support the given collection type.
36 [127686464759488] INFO perfrun.tpss <> - initialize tpss controller
36 [127686464759488] INFO perfrun.tpss <> - configure collection mode: value = cpu:stack
36 [127686464759488] INFO perfrun.tpss <> - default obj-size-min=1024
36 [127686464759488] INFO perfrun.tpss <> - default hash-table-size=0
36 [127686464759488] INFO perfrun.launcher <> - plugin [] was disabled because it doesn't support the given collection type.
36 [127686464759488] INFO perfrun.launcher <> - plugin [] was disabled because it doesn't support the given collection type.
36 [127686464759488] INFO perfrun.launcher <> - plugin [] was disabled because it doesn't support the given collection type.
36 [127686464759488] INFO perfrun.launcher <> - plugin [] was disabled because it doesn't support the given collection type.
36 [127686464759488] INFO perfrun.launcher <> - plugin [] was disabled because it doesn't support the given collection type.
36 [127686464759488] INFO perfrun.launcher <> - plugin [] was disabled because it doesn't support the given collection type.
36 [127686464759488] INFO perfrun.launcher <> - plugin [] was disabled because it doesn't support the given collection type.
36 [127686464759488] INFO perfrun.launcher <> - plugin [] was disabled because it doesn't support the given collection type.
36 [127686464759488] INFO perfrun.launcher <> - plugin [] was disabled because it doesn't support the given collection type.
36 [127686464759488] INFO perfrun.launcher <> - plugin [] was disabled because it doesn't support the given collection type.
36 [127686626666432] INFO perfrun.launcher <> - set environment variable: LD_LIBRARY_PATH = /opt/intel/oneapi/advisor/2025.4/lib32/runtime:/opt/intel/oneapi/advisor/2025.4/lib64/runtime:/opt/intel/oneapi/tcm/1.4/lib:/opt/intel/oneapi/umf/1.0/lib:/opt/intel/oneapi/tbb/2022.3/env/../lib/intel64/gcc4.8:/opt/intel/oneapi/mpi/2021.17/opt/mpi/libfabric/lib:/opt/intel/oneapi/mpi/2021.17/lib:/opt/intel/oneapi/mkl/2025.3/lib:/opt/intel/oneapi/ishmem/1.5/lib:/opt/intel/oneapi/ippcp/2025.3/lib/:/opt/intel/oneapi/ipp/2022.3/lib:/opt/intel/oneapi/dnnl/2025.3/lib:/opt/intel/oneapi/debugger/2025.3/opt/debugger/lib:/opt/intel/oneapi/dal/2025.10/lib:/opt/intel/oneapi/compiler/2025.3/opt/compiler/lib:/opt/intel/oneapi/compiler/2025.3/lib:/opt/intel/oneapi/ccl/2021.17/lib/
36 [127686626666432] INFO perfrun.launcher <> - set environment variable: INTEL_LIBITTNOTIFY32 = /opt/intel/oneapi/advisor/2025.4/lib32/runtime/libittnotify_collector.so
36 [127686626666432] INFO perfrun.launcher <> - set environment variable: INTEL_LIBITTNOTIFY64 = /opt/intel/oneapi/advisor/2025.4/lib64/runtime/libittnotify_collector.so
36 [127686626666432] INFO perfrun.launcher <> - set environment variable: INTEL_ITTNOTIFY_GROUPS = 
36 [127686626666432] INFO perfrun.launcher <> - set environment variable: INTEL_JIT_PROFILER32 = /opt/intel/oneapi/advisor/2025.4/lib32/runtime/libittnotify_collector.so
36 [127686626666432] INFO perfrun.launcher <> - set environment variable: INTEL_JIT_PROFILER64 = /opt/intel/oneapi/advisor/2025.4/lib64/runtime/libittnotify_collector.so
36 [127686626666432] INFO perfrun.launcher <> - set environment variable: CCL_ITT_LEVEL = 1
36 [127686626666432] INFO perfrun.launcher <> - set environment variable: ENABLE_JITPROFILING = 1
36 [127686626666432] INFO perfrun.launcher <> - set environment variable: CL_CONFIG_USE_VTUNE = True
36 [127686626666432] INFO perfrun.launcher <> - set environment variable: KMP_FORKJOIN_FRAMES = 0
36 [127686626666432] INFO perfrun.launcher <> - set environment variable: KMP_FORKJOIN_FRAMES_MODE = 0
37 [127686626666432] INFO perfrun.launcher <> - set environment variable: INTEL_MRTE_DATA_DIR = /home/daniel/Escritorio/Maestria segundo semestre/Multicore/Ensayo multicore/Explicita/Advisor-Explicit/e000/hs002/data.0
37 [127686626666432] INFO perfrun.launcher <> - set environment variable: INTEL_MRTE_HOST_NAME = daniel-Gordo-friki
37 [127686626666432] INFO perfrun.launcher <> - set environment variable: JAVA_TOOL_OPTIONS = -agentlib:advixe_samplingmrte_javaprof_1.0 -Dsun.boot.library.path=/opt/intel/oneapi/advisor/2025.4/lib32/runtime:/opt/intel/oneapi/advisor/2025.4/lib64/runtime
37 [127686626666432] INFO perfrun.launcher <> - set environment variable: LD_LIBRARY_PATH = /opt/intel/oneapi/advisor/2025.4/lib32/runtime:/opt/intel/oneapi/advisor/2025.4/lib64/runtime:/opt/intel/oneapi/tcm/1.4/lib:/opt/intel/oneapi/umf/1.0/lib:/opt/intel/oneapi/tbb/2022.3/env/../lib/intel64/gcc4.8:/opt/intel/oneapi/mpi/2021.17/opt/mpi/libfabric/lib:/opt/intel/oneapi/mpi/2021.17/lib:/opt/intel/oneapi/mkl/2025.3/lib:/opt/intel/oneapi/ishmem/1.5/lib:/opt/intel/oneapi/ippcp/2025.3/lib/:/opt/intel/oneapi/ipp/2022.3/lib:/opt/intel/oneapi/dnnl/2025.3/lib:/opt/intel/oneapi/debugger/2025.3/opt/debugger/lib:/opt/intel/oneapi/dal/2025.10/lib:/opt/intel/oneapi/compiler/2025.3/opt/compiler/lib:/opt/intel/oneapi/compiler/2025.3/lib:/opt/intel/oneapi/ccl/2021.17/lib/
37 [127686626666432] INFO perfrun.launcher <> - RpcServer: run RPC server to handle requests
37 [127686626666432] INFO perfrun.launcher <> - Launcher: command line to start before modification = /home/daniel/Escritorio/Maestria segundo semestre/Multicore/Ensayo multicore/Explicita/explicit
37 [127686626666432] INFO perfrun.launcher <> - Launcher: command line to start after modification = /opt/intel/oneapi/advisor/2025.4/bin64/pin -error_file /home/daniel/Escritorio/Maestria segundo semestre/Multicore/Ensayo multicore/Explicita/Advisor-Explicit/e000/hs002/data.0/pinerr.tpsslog -detach_reattach -follow_execv -tool_load_option deepbind -t64 /opt/intel/oneapi/advisor/2025.4/lib64/libtpsstool.so -t /opt/intel/oneapi/advisor/2025.4/lib32/libtpsstool.so -server_name tpss_ipc.21429 -prd_dir /opt/intel/oneapi/advisor/2025.4 -- /home/daniel/Escritorio/Maestria segundo semestre/Multicore/Ensayo multicore/Explicita/explicit
37 [127686626666432] INFO perfrun.launcher <> - ProcessCreator object was created
38 [127686626666432] INFO perfrun.launcher <> - Launcher: the process was started in suspend mode
40 [127686464759488] WARN perfrun.system <> - Could not do anything with /sys/kernel/debug/kvm: boost::filesystem::status: Permission denied [system:13]: "/sys/kernel/debug/kvm", at file: vcs/perfrun1/plugins/system/src/trace_writer.cpp:791
40 [127686464759488] WARN perfrun.system <> - Folder "/var/run/libvirt/qemu/"doesn't exist, at file: vcs/perfrun1/plugins/system/src/trace_writer.cpp:804
42 [127686464759488] WARN perfrun.sdk <> - Failed to find xl binary on any of the system paths: /bin, /sbin, /usr/bin, /usr/sbin., at file: vcs/perfrun1/sdk/src/utils.cpp:205
47 [127686464759488] INFO perfrun.vdso <> - Helper runtool '/opt/intel/oneapi/advisor/2025.4/bin32/advixe-runss -dump-vdso -r /home/daniel/Escritorio/Maestria segundo semestre/Multicore/Ensayo multicore/Explicita/Advisor-Explicit/e000/hs002 --tmp-dir /tmp/advixe-tmp-daniel' returned 1
92 [127686464759488] INFO perfrun.vdso <> - Helper runtool '/opt/intel/oneapi/advisor/2025.4/bin64/advixe-runss -dump-vdso -r /home/daniel/Escritorio/Maestria segundo semestre/Multicore/Ensayo multicore/Explicita/Advisor-Explicit/e000/hs002 --tmp-dir /tmp/advixe-tmp-daniel' returned 0
93 [127686464759488] INFO perfrun.itt <> - start itt controller for pid #21442
93 [127686464759488] INFO perfrun.tpss <> - start tpss controller for pid #21442
143 [127686626666432] INFO perfrun.launcher <> - Launcher: all plugins were started
143 [127686626666432] INFO perfrun.launcher <> - DirectoryMonitor object was created
143 [127686626666432] INFO perfrun.launcher <> - DirectoryMonitor: a callback was added
143 [127686626666432] INFO perfrun.launcher <> - DirectoryMonitor was started with pingTime = 1000
143 [127686626666432] INFO perfrun.launcher <> - DeadlineTimer is going to be constructed
143 [127686626666432] INFO perfrun.launcher <> - DeadlineTimer: a callback was added
145 [127686626666432] INFO perfrun.launcher <> - Launcher: resume the profiled application and  wait its termination or stop command
768 [127686626666432] INFO perfrun.launcher <> - Launcher: the profiled application was terminated  with exit code = 0
771 [127686464759488] INFO perfrun.itt <> - detach itt controller
771 [127686464759488] INFO perfrun.itt <> - detach itt controller done
772 [127686464759488] INFO perfrun.tpss <> - stop tpss controller
772 [127686464759488] INFO perfrun.sdk <> - De-allocating TMU: /home/daniel/Escritorio/Maestria segundo semestre/Multicore/Ensayo multicore/Explicita/Advisor-Explicit/e000/hs002/data.0/systemcollector-21429-daniel-Gordo-friki.sc
772 [127686464759488] INFO perfrun.system <> - closed the system trace file: /home/daniel/Escritorio/Maestria segundo semestre/Multicore/Ensayo multicore/Explicita/Advisor-Explicit/e000/hs002/data.0/systemcollector-21429-daniel-Gordo-friki.sc
772 [127686626666432] INFO perfrun.launcher <> - Launcher: all plugins were stopped.
772 [127686626666432] INFO perfrun.launcher <> - DeadlineTimer is going to be destroyed
773 [127686626666432] INFO perfrun.launcher <> - DeadlineTimer was destroyed
773 [127686626666432] INFO perfrun.launcher <> - DirectoryMonitor object was destroyed
773 [127686626666432] WARN perfrun.launcher <> - Stop command is ignored because it is received when collection is already stopped, at file: vcs/perfrun1/launcher/src/command_handler.cpp:226
773 [127686626666432] INFO perfrun.launcher <> - Application exit code: 0
773 [127686626666432] INFO perfrun.launcher <> - Exit code: 0
