0 [126105103280064] INFO perfrun.launcher <> - Launcher main begin
1 [126105103280064] INFO perfrun.launcher <> - MessageCatalogInit finished
1 [126105103280064] INFO perfrun.launcher <> - Launcher instance created
1 [126105103280064] INFO perfrun.launcher <> - argc = 7; cmdline = /opt/intel/oneapi/advisor/2025.4/bin64/advixe-runss --ui-output-format xml --ui-output-fd 199 --option-file /home/daniel/Escritorio/Maestria segundo semestre/Multicore/Ensayo multicore/Explicita/Advisor-explicit/e000/hs000/config/runss.options 
23 [126105103280064] INFO perfrun.launcher <> - create msngr2::ICliToolContext
23 [126105103280064] INFO perfrun.launcher <> - create file finder object
23 [126105103280064] INFO perfrun.launcher <> - create a result directory: pattern = /home/daniel/Escritorio/Maestria segundo semestre/Multicore/Ensayo multicore/Explicita/Advisor-explicit/e000/hs000 pid = 4294967295
25 [126105103280064] INFO perfrun.sdk <> - checked that the directory /home/daniel/Escritorio/Maestria segundo semestre/Multicore/Ensayo multicore/Explicita/Advisor-explicit/e000/hs000 is a local directory
25 [126105103280064] INFO perfrun.sdk <> - the directory /home/daniel/Escritorio/Maestria segundo semestre/Multicore/Ensayo multicore/Explicita/Advisor-explicit/e000/hs000 is a local directory with FS type ID 61267
25 [126105103280064] INFO perfrun.launcher <> - create data directory = /home/daniel/Escritorio/Maestria segundo semestre/Multicore/Ensayo multicore/Explicita/Advisor-explicit/e000/hs000/data.0
25 [126105103280064] INFO perfrun.launcher <> - Creating the master collection flag
26 [126105103280064] INFO perfrun.launcher <> - Done creating the master collection flag
28 [126104941618880] INFO perfrun.launcher <> - plugin [remoteplug] was disabled because it doesn't support the given collection type.
28 [126104941618880] INFO perfrun.sdk <> - Allocating TMU :/home/daniel/Escritorio/Maestria segundo semestre/Multicore/Ensayo multicore/Explicita/Advisor-explicit/e000/hs000/data.0/systemcollector-23688-daniel-Gordo-friki.sc
28 [126104941618880] INFO perfrun.launcher <> - plugin [] was disabled because it doesn't support the given collection type.
28 [126104941618880] INFO perfrun.launcher <> - plugin [gpu] was disabled because it doesn't support the given collection type.
28 [126104941618880] INFO perfrun.launcher <> - plugin [] was disabled because it doesn't support the given collection type.
28 [126104941618880] INFO perfrun.launcher <> - plugin [] was disabled because it doesn't support the given collection type.
28 [126104941618880] INFO perfrun.launcher <> - plugin [] was disabled because it doesn't support the given collection type.
28 [126104941618880] INFO perfrun.mrte <> - system-wide mode is 0
28 [126104941618880] INFO perfrun.mrte <> - Getting  mrte profiling environment ...
32 [126104941618880] INFO perfrun.mrte <> - INTEL_MRTE_DATA_DIR=/home/daniel/Escritorio/Maestria segundo semestre/Multicore/Ensayo multicore/Explicita/Advisor-explicit/e000/hs000/data.0
32 [126104941618880] INFO perfrun.mrte <> - INTEL_MRTE_HOST_NAME=daniel-Gordo-friki
32 [126104941618880] INFO perfrun.mrte <> - JAVA_TOOL_OPTIONS=-agentlib:advixe_samplingmrte_javaprof_1.0 -Dsun.boot.library.path=/opt/intel/oneapi/advisor/2025.4/lib32/runtime:/opt/intel/oneapi/advisor/2025.4/lib64/runtime
32 [126104941618880] INFO perfrun.mrte <> - LD_LIBRARY_PATH=/opt/intel/oneapi/advisor/2025.4/lib32/runtime:/opt/intel/oneapi/advisor/2025.4/lib64/runtime:/opt/intel/oneapi/tcm/1.4/lib:/opt/intel/oneapi/umf/1.0/lib:/opt/intel/oneapi/tbb/2022.3/env/../lib/intel64/gcc4.8:/opt/intel/oneapi/mpi/2021.17/opt/mpi/libfabric/lib:/opt/intel/oneapi/mpi/2021.17/lib:/opt/intel/oneapi/mkl/2025.3/lib:/opt/intel/oneapi/ishmem/1.5/lib:/opt/intel/oneapi/ippcp/2025.3/lib/:/opt/intel/oneapi/ipp/2022.3/lib:/opt/intel/oneapi/dnnl/2025.3/lib:/opt/intel/oneapi/debugger/2025.3/opt/debugger/lib:/opt/intel/oneapi/dal/2025.10/lib:/opt/intel/oneapi/compiler/2025.3/opt/compiler/lib:/opt/intel/oneapi/compiler/2025.3/lib:/opt/intel/oneapi/ccl/2021.17/lib/
32 [126104941618880] INFO perfrun.mrte <> - Data directory: /home/daniel/Escritorio/Maestria segundo semestre/Multicore/Ensayo multicore/Explicita/Advisor-explicit/e000/hs000/data.0
32 [126104941618880] INFO perfrun.mrte <> - Mrte plugin is initialized
32 [126104941618880] INFO perfrun.launcher <> - plugin [] was disabled because it doesn't support the given collection type.
32 [126104941618880] INFO perfrun.launcher <> - plugin [] was disabled because it doesn't support the given collection type.
32 [126104941618880] INFO perfrun.launcher <> - plugin [] was disabled because it doesn't support the given collection type.
32 [126104941618880] INFO perfrun.launcher <> - plugin [] was disabled because it doesn't support the given collection type.
32 [126104941618880] INFO perfrun.launcher <> - plugin [] was disabled because it doesn't support the given collection type.
32 [126104941618880] INFO perfrun.launcher <> - plugin [] was disabled because it doesn't support the given collection type.
32 [126104941618880] INFO perfrun.launcher <> - plugin [] was disabled because it doesn't support the given collection type.
32 [126104941618880] INFO perfrun.tpss <> - initialize tpss controller
32 [126104941618880] INFO perfrun.tpss <> - configure collection mode: value = cpu:stack
32 [126104941618880] INFO perfrun.tpss <> - default obj-size-min=1024
32 [126104941618880] INFO perfrun.tpss <> - default hash-table-size=0
32 [126104941618880] INFO perfrun.launcher <> - plugin [] was disabled because it doesn't support the given collection type.
32 [126104941618880] INFO perfrun.launcher <> - plugin [] was disabled because it doesn't support the given collection type.
32 [126104941618880] INFO perfrun.launcher <> - plugin [] was disabled because it doesn't support the given collection type.
32 [126104941618880] INFO perfrun.launcher <> - plugin [] was disabled because it doesn't support the given collection type.
32 [126104941618880] INFO perfrun.launcher <> - plugin [] was disabled because it doesn't support the given collection type.
32 [126104941618880] INFO perfrun.launcher <> - plugin [] was disabled because it doesn't support the given collection type.
32 [126104941618880] INFO perfrun.launcher <> - plugin [] was disabled because it doesn't support the given collection type.
32 [126104941618880] INFO perfrun.launcher <> - plugin [] was disabled because it doesn't support the given collection type.
32 [126104941618880] INFO perfrun.launcher <> - plugin [] was disabled because it doesn't support the given collection type.
32 [126104941618880] INFO perfrun.launcher <> - plugin [] was disabled because it doesn't support the given collection type.
32 [126105103280064] INFO perfrun.launcher <> - set environment variable: LD_LIBRARY_PATH = /opt/intel/oneapi/advisor/2025.4/lib32/runtime:/opt/intel/oneapi/advisor/2025.4/lib64/runtime:/opt/intel/oneapi/tcm/1.4/lib:/opt/intel/oneapi/umf/1.0/lib:/opt/intel/oneapi/tbb/2022.3/env/../lib/intel64/gcc4.8:/opt/intel/oneapi/mpi/2021.17/opt/mpi/libfabric/lib:/opt/intel/oneapi/mpi/2021.17/lib:/opt/intel/oneapi/mkl/2025.3/lib:/opt/intel/oneapi/ishmem/1.5/lib:/opt/intel/oneapi/ippcp/2025.3/lib/:/opt/intel/oneapi/ipp/2022.3/lib:/opt/intel/oneapi/dnnl/2025.3/lib:/opt/intel/oneapi/debugger/2025.3/opt/debugger/lib:/opt/intel/oneapi/dal/2025.10/lib:/opt/intel/oneapi/compiler/2025.3/opt/compiler/lib:/opt/intel/oneapi/compiler/2025.3/lib:/opt/intel/oneapi/ccl/2021.17/lib/
32 [126105103280064] INFO perfrun.launcher <> - set environment variable: INTEL_LIBITTNOTIFY32 = /opt/intel/oneapi/advisor/2025.4/lib32/runtime/libittnotify_collector.so
32 [126105103280064] INFO perfrun.launcher <> - set environment variable: INTEL_LIBITTNOTIFY64 = /opt/intel/oneapi/advisor/2025.4/lib64/runtime/libittnotify_collector.so
32 [126105103280064] INFO perfrun.launcher <> - set environment variable: INTEL_ITTNOTIFY_GROUPS = 
32 [126105103280064] INFO perfrun.launcher <> - set environment variable: INTEL_JIT_PROFILER32 = /opt/intel/oneapi/advisor/2025.4/lib32/runtime/libittnotify_collector.so
32 [126105103280064] INFO perfrun.launcher <> - set environment variable: INTEL_JIT_PROFILER64 = /opt/intel/oneapi/advisor/2025.4/lib64/runtime/libittnotify_collector.so
32 [126105103280064] INFO perfrun.launcher <> - set environment variable: CCL_ITT_LEVEL = 1
32 [126105103280064] INFO perfrun.launcher <> - set environment variable: ENABLE_JITPROFILING = 1
33 [126105103280064] INFO perfrun.launcher <> - set environment variable: CL_CONFIG_USE_VTUNE = True
33 [126105103280064] INFO perfrun.launcher <> - set environment variable: KMP_FORKJOIN_FRAMES = 0
33 [126105103280064] INFO perfrun.launcher <> - set environment variable: KMP_FORKJOIN_FRAMES_MODE = 0
33 [126105103280064] INFO perfrun.launcher <> - set environment variable: INTEL_MRTE_DATA_DIR = /home/daniel/Escritorio/Maestria segundo semestre/Multicore/Ensayo multicore/Explicita/Advisor-explicit/e000/hs000/data.0
33 [126105103280064] INFO perfrun.launcher <> - set environment variable: INTEL_MRTE_HOST_NAME = daniel-Gordo-friki
33 [126105103280064] INFO perfrun.launcher <> - set environment variable: JAVA_TOOL_OPTIONS = -agentlib:advixe_samplingmrte_javaprof_1.0 -Dsun.boot.library.path=/opt/intel/oneapi/advisor/2025.4/lib32/runtime:/opt/intel/oneapi/advisor/2025.4/lib64/runtime
33 [126105103280064] INFO perfrun.launcher <> - set environment variable: LD_LIBRARY_PATH = /opt/intel/oneapi/advisor/2025.4/lib32/runtime:/opt/intel/oneapi/advisor/2025.4/lib64/runtime:/opt/intel/oneapi/tcm/1.4/lib:/opt/intel/oneapi/umf/1.0/lib:/opt/intel/oneapi/tbb/2022.3/env/../lib/intel64/gcc4.8:/opt/intel/oneapi/mpi/2021.17/opt/mpi/libfabric/lib:/opt/intel/oneapi/mpi/2021.17/lib:/opt/intel/oneapi/mkl/2025.3/lib:/opt/intel/oneapi/ishmem/1.5/lib:/opt/intel/oneapi/ippcp/2025.3/lib/:/opt/intel/oneapi/ipp/2022.3/lib:/opt/intel/oneapi/dnnl/2025.3/lib:/opt/intel/oneapi/debugger/2025.3/opt/debugger/lib:/opt/intel/oneapi/dal/2025.10/lib:/opt/intel/oneapi/compiler/2025.3/opt/compiler/lib:/opt/intel/oneapi/compiler/2025.3/lib:/opt/intel/oneapi/ccl/2021.17/lib/
33 [126105103280064] INFO perfrun.launcher <> - RpcServer: run RPC server to handle requests
33 [126105103280064] INFO perfrun.launcher <> - Launcher: command line to start before modification = /home/daniel/Escritorio/Maestria segundo semestre/Multicore/Ensayo multicore/Explicita/explicit
33 [126105103280064] INFO perfrun.launcher <> - Launcher: command line to start after modification = /opt/intel/oneapi/advisor/2025.4/bin64/pin -error_file /home/daniel/Escritorio/Maestria segundo semestre/Multicore/Ensayo multicore/Explicita/Advisor-explicit/e000/hs000/data.0/pinerr.tpsslog -detach_reattach -follow_execv -tool_load_option deepbind -t64 /opt/intel/oneapi/advisor/2025.4/lib64/libtpsstool.so -t /opt/intel/oneapi/advisor/2025.4/lib32/libtpsstool.so -server_name tpss_ipc.23688 -prd_dir /opt/intel/oneapi/advisor/2025.4 -- /home/daniel/Escritorio/Maestria segundo semestre/Multicore/Ensayo multicore/Explicita/explicit
33 [126105103280064] INFO perfrun.launcher <> - ProcessCreator object was created
34 [126105103280064] INFO perfrun.launcher <> - Launcher: the process was started in suspend mode
36 [126104941618880] WARN perfrun.system <> - Could not do anything with /sys/kernel/debug/kvm: boost::filesystem::status: Permission denied [system:13]: "/sys/kernel/debug/kvm", at file: vcs/perfrun1/plugins/system/src/trace_writer.cpp:791
36 [126104941618880] WARN perfrun.system <> - Folder "/var/run/libvirt/qemu/"doesn't exist, at file: vcs/perfrun1/plugins/system/src/trace_writer.cpp:804
37 [126104941618880] WARN perfrun.sdk <> - Failed to find xl binary on any of the system paths: /bin, /sbin, /usr/bin, /usr/sbin., at file: vcs/perfrun1/sdk/src/utils.cpp:205
43 [126104941618880] INFO perfrun.vdso <> - Helper runtool '/opt/intel/oneapi/advisor/2025.4/bin32/advixe-runss -dump-vdso -r /home/daniel/Escritorio/Maestria segundo semestre/Multicore/Ensayo multicore/Explicita/Advisor-explicit/e000/hs000 --tmp-dir /tmp/advixe-tmp-daniel' returned 1
85 [126104941618880] INFO perfrun.vdso <> - Helper runtool '/opt/intel/oneapi/advisor/2025.4/bin64/advixe-runss -dump-vdso -r /home/daniel/Escritorio/Maestria segundo semestre/Multicore/Ensayo multicore/Explicita/Advisor-explicit/e000/hs000 --tmp-dir /tmp/advixe-tmp-daniel' returned 0
85 [126104941618880] INFO perfrun.itt <> - start itt controller for pid #23699
85 [126104941618880] INFO perfrun.tpss <> - start tpss controller for pid #23699
135 [126105103280064] INFO perfrun.launcher <> - Launcher: all plugins were started
135 [126105103280064] INFO perfrun.launcher <> - DirectoryMonitor object was created
135 [126105103280064] INFO perfrun.launcher <> - DirectoryMonitor: a callback was added
135 [126105103280064] INFO perfrun.launcher <> - DirectoryMonitor was started with pingTime = 1000
135 [126105103280064] INFO perfrun.launcher <> - DeadlineTimer is going to be constructed
136 [126105103280064] INFO perfrun.launcher <> - DeadlineTimer: a callback was added
137 [126105103280064] INFO perfrun.launcher <> - Launcher: resume the profiled application and  wait its termination or stop command
714 [126105103280064] INFO perfrun.launcher <> - Launcher: the profiled application was terminated  with exit code = 0
718 [126104941618880] INFO perfrun.itt <> - detach itt controller
718 [126104941618880] INFO perfrun.itt <> - detach itt controller done
718 [126104941618880] INFO perfrun.tpss <> - stop tpss controller
718 [126104941618880] INFO perfrun.sdk <> - De-allocating TMU: /home/daniel/Escritorio/Maestria segundo semestre/Multicore/Ensayo multicore/Explicita/Advisor-explicit/e000/hs000/data.0/systemcollector-23688-daniel-Gordo-friki.sc
718 [126104941618880] INFO perfrun.system <> - closed the system trace file: /home/daniel/Escritorio/Maestria segundo semestre/Multicore/Ensayo multicore/Explicita/Advisor-explicit/e000/hs000/data.0/systemcollector-23688-daniel-Gordo-friki.sc
718 [126105103280064] INFO perfrun.launcher <> - Launcher: all plugins were stopped.
718 [126105103280064] INFO perfrun.launcher <> - DeadlineTimer is going to be destroyed
718 [126105103280064] INFO perfrun.launcher <> - DeadlineTimer was destroyed
719 [126105103280064] INFO perfrun.launcher <> - DirectoryMonitor object was destroyed
719 [126105103280064] WARN perfrun.launcher <> - Stop command is ignored because it is received when collection is already stopped, at file: vcs/perfrun1/launcher/src/command_handler.cpp:226
720 [126105103280064] INFO perfrun.launcher <> - Application exit code: 0
720 [126105103280064] INFO perfrun.launcher <> - Exit code: 0
