<?xml version="1.0" encoding="utf-8"?>
<log version="1.0" tool="runtool">

<msg id="1" tool="runtool">
  <type>log-start</type>
  <arg>2026/02/24 12:12:17</arg>
</msg>
<msg id="2" tool="runtool">
  <type>bandwidth-measurement-starts</type>
</msg>
<msg id="3" tool="runtool">
  <type>bandwidth-measurement-done</type>
</msg>
<msg id="4" tool="runtool">
  <type>collector-starts</type>
</msg>
<msg id="5" tool="runtool">
  <type>marker-file</type>
  <arg>/home/daniel/Escritorio/Maestria segundo semestre/Multicore/Ensayo multicore/Guiada/Advisor-Guiada/e000/trc000/trc000.advixe</arg>
</msg>
<msg id="6" tool="trc">
  <type>PROCESS_START</type>
  <arg>/home/daniel/Escritorio/Maestria segundo semestre/Multicore/Ensayo multicore/Guiada/guiada</arg>
  <arg>47383</arg>
  <severity>INFO</severity>
  <timestamp>Tue Feb 24 12:12:26 2026</timestamp>
</msg>
<msg id="7" tool="trc">
  <type>PROCESS_ANALYSIS_MODE</type>
  <arg>full</arg>
  <severity>INFO</severity>
  <timestamp>Tue Feb 24 12:12:26 2026</timestamp>
</msg>
<msg id="8" tool="trc">
  <type>LOAD_MODULE</type>
  <arg>/home/daniel/Escritorio/Maestria segundo semestre/Multicore/Ensayo multicore/Guiada/guiada</arg>
  <arg>0x400000</arg>
  <arg>0x41039f</arg>
  <arg>yes</arg>
  <severity>INFO</severity>
  <timestamp>Tue Feb 24 12:12:26 2026</timestamp>
</msg>
<msg id="9" tool="trc">
  <type>LOAD_MODULE</type>
  <arg>/lib64/ld-linux-x86-64.so.2</arg>
  <arg>0x7d6f3f7de000</arg>
  <arg>0x7d6f3f8172d7</arg>
  <arg>no</arg>
  <severity>INFO</severity>
  <timestamp>Tue Feb 24 12:12:26 2026</timestamp>
</msg>
<msg id="10" tool="trc">
  <type>LOAD_MODULE</type>
  <arg>[vdso]</arg>
  <arg>0x7d6f3f7dc000</arg>
  <arg>0x7d6f3f7dd8aa</arg>
  <arg>no</arg>
  <severity>INFO</severity>
  <timestamp>Tue Feb 24 12:12:26 2026</timestamp>
</msg>
<msg id="11" tool="trc">
  <type>LOAD_MODULE</type>
  <arg>/lib/x86_64-linux-gnu/libstdc++.so.6</arg>
  <arg>0x7d6f2a600000</arg>
  <arg>0x7d6f2a87d13f</arg>
  <arg>no</arg>
  <severity>INFO</severity>
  <timestamp>Tue Feb 24 12:12:26 2026</timestamp>
</msg>
<msg id="12" tool="trc">
  <type>LOAD_MODULE</type>
  <arg>/lib/x86_64-linux-gnu/libm.so.6</arg>
  <arg>0x7d6f2a895000</arg>
  <arg>0x7d6f2a97d017</arg>
  <arg>no</arg>
  <severity>INFO</severity>
  <timestamp>Tue Feb 24 12:12:26 2026</timestamp>
</msg>
<msg id="13" tool="trc">
  <type>LOAD_MODULE</type>
  <arg>/lib/x86_64-linux-gnu/libgcc_s.so.1</arg>
  <arg>0x7d6f2a5b1000</arg>
  <arg>0x7d6f2a5de3a7</arg>
  <arg>no</arg>
  <severity>INFO</severity>
  <timestamp>Tue Feb 24 12:12:26 2026</timestamp>
</msg>
<msg id="14" tool="trc">
  <type>LOAD_MODULE</type>
  <arg>/opt/intel/oneapi/compiler/2025.3/lib/libiomp5.so</arg>
  <arg>0x7d6f2a000000</arg>
  <arg>0x7d6f2a48f637</arg>
  <arg>yes</arg>
  <severity>INFO</severity>
  <timestamp>Tue Feb 24 12:12:26 2026</timestamp>
</msg>
<msg id="15" tool="trc">
  <type>LOAD_MODULE</type>
  <arg>/lib/x86_64-linux-gnu/libc.so.6</arg>
  <arg>0x7d6f29c00000</arg>
  <arg>0x7d6f29e11d8f</arg>
  <arg>no</arg>
  <severity>INFO</severity>
  <timestamp>Tue Feb 24 12:12:26 2026</timestamp>
</msg>
<msg id="16" tool="trc">
  <type>LOAD_MODULE</type>
  <arg>/lib/x86_64-linux-gnu/librt.so.1</arg>
  <arg>0x7d6f2a531000</arg>
  <arg>0x7d6f2a53500f</arg>
  <arg>no</arg>
  <severity>INFO</severity>
  <timestamp>Tue Feb 24 12:12:26 2026</timestamp>
</msg>
<msg id="17" tool="trc">
  <type>LOAD_MODULE</type>
  <arg>/lib/x86_64-linux-gnu/libdl.so.2</arg>
  <arg>0x7d6f2a526000</arg>
  <arg>0x7d6f2a52a00f</arg>
  <arg>no</arg>
  <severity>INFO</severity>
  <timestamp>Tue Feb 24 12:12:26 2026</timestamp>
</msg>
<msg id="18" tool="trc">
  <type>LOAD_MODULE</type>
  <arg>/lib/x86_64-linux-gnu/libpthread.so.0</arg>
  <arg>0x7d6f2a521000</arg>
  <arg>0x7d6f2a52500f</arg>
  <arg>no</arg>
  <severity>INFO</severity>
  <timestamp>Tue Feb 24 12:12:26 2026</timestamp>
</msg>
<msg id="19" tool="trc">
  <type>UNLOAD_MODULE</type>
  <arg>/home/daniel/Escritorio/Maestria segundo semestre/Multicore/Ensayo multicore/Guiada/guiada</arg>
  <severity>INFO</severity>
  <timestamp>Tue Feb 24 12:12:28 2026</timestamp>
</msg>
<msg id="20" tool="trc">
  <type>UNLOAD_MODULE</type>
  <arg>/lib64/ld-linux-x86-64.so.2</arg>
  <severity>INFO</severity>
  <timestamp>Tue Feb 24 12:12:28 2026</timestamp>
</msg>
<msg id="21" tool="trc">
  <type>UNLOAD_MODULE</type>
  <arg>[vdso]</arg>
  <severity>INFO</severity>
  <timestamp>Tue Feb 24 12:12:28 2026</timestamp>
</msg>
<msg id="22" tool="trc">
  <type>UNLOAD_MODULE</type>
  <arg>/lib/x86_64-linux-gnu/libstdc++.so.6</arg>
  <severity>INFO</severity>
  <timestamp>Tue Feb 24 12:12:28 2026</timestamp>
</msg>
<msg id="23" tool="trc">
  <type>UNLOAD_MODULE</type>
  <arg>/lib/x86_64-linux-gnu/libm.so.6</arg>
  <severity>INFO</severity>
  <timestamp>Tue Feb 24 12:12:28 2026</timestamp>
</msg>
<msg id="24" tool="trc">
  <type>UNLOAD_MODULE</type>
  <arg>/lib/x86_64-linux-gnu/libgcc_s.so.1</arg>
  <severity>INFO</severity>
  <timestamp>Tue Feb 24 12:12:28 2026</timestamp>
</msg>
<msg id="25" tool="trc">
  <type>UNLOAD_MODULE</type>
  <arg>/opt/intel/oneapi/compiler/2025.3/lib/libiomp5.so</arg>
  <severity>INFO</severity>
  <timestamp>Tue Feb 24 12:12:28 2026</timestamp>
</msg>
<msg id="26" tool="trc">
  <type>UNLOAD_MODULE</type>
  <arg>/lib/x86_64-linux-gnu/libc.so.6</arg>
  <severity>INFO</severity>
  <timestamp>Tue Feb 24 12:12:28 2026</timestamp>
</msg>
<msg id="27" tool="trc">
  <type>UNLOAD_MODULE</type>
  <arg>/lib/x86_64-linux-gnu/librt.so.1</arg>
  <severity>INFO</severity>
  <timestamp>Tue Feb 24 12:12:28 2026</timestamp>
</msg>
<msg id="28" tool="trc">
  <type>UNLOAD_MODULE</type>
  <arg>/lib/x86_64-linux-gnu/libdl.so.2</arg>
  <severity>INFO</severity>
  <timestamp>Tue Feb 24 12:12:28 2026</timestamp>
</msg>
<msg id="29" tool="trc">
  <type>UNLOAD_MODULE</type>
  <arg>/lib/x86_64-linux-gnu/libpthread.so.0</arg>
  <severity>INFO</severity>
  <timestamp>Tue Feb 24 12:12:28 2026</timestamp>
</msg>
<msg id="30" tool="trc">
  <type>PROCESS_FINISH</type>
  <arg>/home/daniel/Escritorio/Maestria segundo semestre/Multicore/Ensayo multicore/Guiada/guiada</arg>
  <arg>47383</arg>
  <arg>0x0</arg>
  <severity>INFO</severity>
  <timestamp>Tue Feb 24 12:12:28 2026</timestamp>
</msg>
<msg id="31" tool="runtool">
  <type>app-exit-code</type>
  <arg>0</arg>
</msg>
<msg id="32" tool="runtool">
  <type>marker-file</type>
  <arg>/home/daniel/Escritorio/Maestria segundo semestre/Multicore/Ensayo multicore/Guiada/Advisor-Guiada/e000/trc000/trc000.advixe</arg>
</msg>
<msg id="33" tool="runtool">
  <type>collector-done</type>
</msg>
<msg id="34" tool="runtool">
  <type>log-end</type>
  <arg>2026/02/24 12:12:32</arg>
</msg>

</log>

